TN:
SF:C:\Users\alexeyvanyukevich\source\repos\hh-fcc\hardhat-smartcontract-lottery-fcc-js\contracts\Raffle.sol
FN:45,constructor
FN:56,enterRaffle
FN:68,checkUpkeep
FN:77,performUpkeep
FN:93,fulfillRandomWords
FN:106,getEntranceFee
FN:110,getPlayer
FN:114,getRecentWinner
FN:118,getRaffleState
FN:122,getNumWords
FN:126,getLatestTimeStamp
FN:130,getRequestConfirmations
FN:134,getInterval
FNF:13
FNH:8
FNDA:3,constructor
FNDA:5,enterRaffle
FNDA:1,checkUpkeep
FNDA:1,performUpkeep
FNDA:0,fulfillRandomWords
FNDA:5,getEntranceFee
FNDA:1,getPlayer
FNDA:0,getRecentWinner
FNDA:1,getRaffleState
FNDA:0,getNumWords
FNDA:0,getLatestTimeStamp
FNDA:0,getRequestConfirmations
FNDA:5,getInterval
DA:46,3
DA:47,3
DA:48,3
DA:49,3
DA:50,3
DA:51,3
DA:52,3
DA:53,3
DA:57,5
DA:58,1
DA:60,4
DA:61,1
DA:64,3
DA:65,3
DA:70,1
DA:71,1
DA:72,1
DA:73,1
DA:74,1
DA:78,1
DA:79,1
DA:80,0
DA:82,1
DA:83,1
DA:90,1
DA:94,0
DA:95,0
DA:96,0
DA:97,0
DA:98,0
DA:99,0
DA:100,0
DA:101,0
DA:103,0
DA:107,5
DA:111,1
DA:115,0
DA:119,1
DA:123,0
DA:127,0
DA:131,0
DA:135,5
LF:42
LH:28
BRDA:57,1,0,1
BRDA:57,1,1,4
BRDA:60,2,0,1
BRDA:60,2,1,3
BRDA:79,3,0,0
BRDA:79,3,1,1
BRDA:100,4,0,0
BRDA:100,4,1,0
BRF:8
BRH:5
end_of_record
TN:
SF:C:\Users\alexeyvanyukevich\source\repos\hh-fcc\hardhat-smartcontract-lottery-fcc-js\contracts\tests\VRFCordinatorV2Mock.sol
FNF:0
FNH:0
LF:0
LH:0
BRF:0
BRH:0
end_of_record
